  Background.cpp
  Bomb.cpp
  Box.cpp
  Bullet.cpp
  GameOver.cpp
  Input.cpp
  Logo.cpp
  WinMain.cpp
  Enemy.cpp
  GameMain.cpp
  GameObjectContainer.cpp
  GameScene.cpp
  Particle.cpp
  Player.cpp
  ResourceManager.cpp
  SceneManager.cpp
  Score.cpp
  SpawnController.cpp
  Timer.cpp
  TitleScene.cpp
  コード生成しています。
  All 1344 functions were compiled because no usable IPDB/IOBJ from previous compilation was found.
  コード生成が終了しました。
  MyDxProject.vcxproj -> C:\K017A1612\C++\DirectX\MyDxProject\Release\MyDxProject.exe
